<?xml version="1.0" encoding="UTF-8"?>
<!-- Generated by org.testng.reporters.JUnitXMLReporter -->
<testsuite ignored="0" hostname="WINDOWS-RM6RKV3" failures="0" tests="3" name="Default test" time="7.828" errors="0" timestamp="2021-08-12T16:00:30 IST">
  <testcase classname="Login.LoginPage" name="logintoapp" time="6.357"/>
  <testcase classname="Login.LoginPage" name="signtoapp" time="0.818"/>
  <testcase classname="Login.LoginPage" name="getemailpwd" time="0.57"/>
</testsuite> <!-- Default test -->
