<?xml version="1.0" encoding="UTF-8"?>
<!-- Generated by org.testng.reporters.JUnitXMLReporter -->
<testsuite ignored="0" hostname="WINDOWS-RM6RKV3" failures="0" tests="3" name="Default test" time="14.448" errors="0" timestamp="2021-08-12T23:32:57 IST">
  <testcase classname="Login.LoginPage" name="signtoapp" time="4.442"/>
  <testcase classname="Login.LoginPage" name="getemailpwd" time="3.621"/>
  <testcase classname="Login.LoginPage" name="getemailpwd" time="3.385"/>
</testsuite> <!-- Default test -->
