<?xml version="1.0" encoding="UTF-8"?>
<!-- Generated by org.testng.reporters.JUnitXMLReporter -->
<testsuite ignored="0" hostname="WINDOWS-RM6RKV3" failures="0" tests="3" name="Login home page" time="23.04" errors="0" timestamp="2021-08-13T00:57:44 IST">
  <testcase classname="Login.LoginPage" name="signtoapp" time="11.172"/>
  <testcase classname="Login.LoginPage" name="getemailpwd" time="3.524"/>
  <testcase classname="Login.LoginPage" name="getemailpwd" time="3.371"/>
</testsuite> <!-- Login home page -->
