<?xml version="1.0" encoding="UTF-8"?>
<!-- Generated by org.testng.reporters.JUnitXMLReporter -->
<testsuite ignored="0" hostname="WINDOWS-RM6RKV3" failures="0" tests="5" name="Test" time="35.352" errors="0" timestamp="2021-08-12T23:00:13 IST">
  <testcase classname="Login.LoginPage" name="signtoapp" time="6.494"/>
  <testcase classname="Login.LoginPage" name="getemailpwd" time="3.997"/>
  <testcase classname="Login.LoginPage" name="getemailpwd" time="3.759"/>
  <testcase classname="Login.PageTitle" name="logintoapp" time="0.076"/>
  <testcase classname="Login.ValidateNavigation" name="navigateContacts" time="0.133"/>
</testsuite> <!-- Test -->
