<?xml version="1.0" encoding="UTF-8"?>
<!-- Generated by org.testng.reporters.JUnitXMLReporter -->
<testsuite ignored="0" hostname="WINDOWS-RM6RKV3" failures="1" tests="1" name="Validating the title" time="16.893" errors="0" timestamp="2021-08-13T00:57:38 IST">
  <testcase classname="Login.PageTitle" name="logintoapp" time="0.301">
    <failure type="java.lang.AssertionError" message="expected [FEATURED COURsES] but found [FEATURED COURSES]">
      <![CDATA[java.lang.AssertionError: expected [FEATURED COURsES] but found [FEATURED COURSES]
at Login.PageTitle.logintoapp(PageTitle.java:35)
at java.base/java.util.ArrayList.forEach(ArrayList.java:1511)
at java.base/java.util.concurrent.FutureTask.run(FutureTask.java:264)
at java.base/java.util.concurrent.ThreadPoolExecutor.runWorker(ThreadPoolExecutor.java:1130)
at java.base/java.util.concurrent.ThreadPoolExecutor$Worker.run(ThreadPoolExecutor.java:630)
at java.base/java.lang.Thread.run(Thread.java:832)
... Removed 24 stack frames]]>
    </failure>
  </testcase> <!-- logintoapp -->
</testsuite> <!-- Validating the title -->
