<?xml version="1.0" encoding="UTF-8"?>
<testng-results ignored="0" total="3" passed="3" failed="0" skipped="0">
  <reporter-output>
  </reporter-output>
  <suite started-at="2021-08-12T16:00:22 IST" name="Default suite" finished-at="2021-08-12T16:00:30 IST" duration-ms="7828">
    <groups>
    </groups>
    <test started-at="2021-08-12T16:00:22 IST" name="Default test" finished-at="2021-08-12T16:00:30 IST" duration-ms="7828">
      <class name="Login.LoginPage">
        <test-method signature="logintoapp()[pri:0, instance:Login.LoginPage@13b13b5d]" started-at="2021-08-12T16:00:22 IST" name="logintoapp" finished-at="2021-08-12T16:00:29 IST" duration-ms="6357" status="PASS">
          <reporter-output>
          </reporter-output>
        </test-method> <!-- logintoapp -->
        <test-method signature="signtoapp()[pri:1, instance:Login.LoginPage@13b13b5d]" started-at="2021-08-12T16:00:29 IST" name="signtoapp" finished-at="2021-08-12T16:00:29 IST" duration-ms="818" status="PASS">
          <reporter-output>
          </reporter-output>
        </test-method> <!-- signtoapp -->
        <test-method signature="getemailpwd()[pri:2, instance:Login.LoginPage@13b13b5d]" started-at="2021-08-12T16:00:29 IST" name="getemailpwd" finished-at="2021-08-12T16:00:30 IST" duration-ms="570" status="PASS">
          <reporter-output>
          </reporter-output>
        </test-method> <!-- getemailpwd -->
      </class> <!-- Login.LoginPage -->
    </test> <!-- Default test -->
  </suite> <!-- Default suite -->
</testng-results>
