<?xml version="1.0" encoding="UTF-8"?>
<testng-results ignored="0" total="4" passed="4" failed="0" skipped="0">
  <reporter-output>
  </reporter-output>
  <suite started-at="2021-08-12T18:31:16 IST" name="Default suite" finished-at="2021-08-12T18:31:31 IST" duration-ms="14653">
    <groups>
    </groups>
    <test started-at="2021-08-12T18:31:16 IST" name="Default test" finished-at="2021-08-12T18:31:31 IST" duration-ms="14653">
      <class name="Login.LoginPage">
        <test-method signature="logintoapp()[pri:0, instance:Login.LoginPage@1f97cf0d]" started-at="2021-08-12T18:31:16 IST" name="logintoapp" finished-at="2021-08-12T18:31:23 IST" duration-ms="6850" status="PASS">
          <reporter-output>
          </reporter-output>
        </test-method> <!-- logintoapp -->
        <test-method signature="signtoapp()[pri:1, instance:Login.LoginPage@1f97cf0d]" started-at="2021-08-12T18:31:23 IST" name="signtoapp" finished-at="2021-08-12T18:31:24 IST" duration-ms="708" status="PASS">
          <reporter-output>
          </reporter-output>
        </test-method> <!-- signtoapp -->
        <test-method signature="getemailpwd(java.lang.String,java.lang.String)[pri:2, instance:Login.LoginPage@1f97cf0d]" started-at="2021-08-12T18:31:30 IST" name="getemailpwd" data-provider="getdata" finished-at="2021-08-12T18:31:30 IST" duration-ms="549" status="PASS">
          <params>
            <param index="0">
              <value>
                <![CDATA[vidiyala@gmail.com]]>
              </value>
            </param>
            <param index="1">
              <value>
                <![CDATA[manasa]]>
              </value>
            </param>
          </params>
          <reporter-output>
          </reporter-output>
        </test-method> <!-- getemailpwd -->
        <test-method signature="getemailpwd(java.lang.String,java.lang.String)[pri:2, instance:Login.LoginPage@1f97cf0d]" started-at="2021-08-12T18:31:30 IST" name="getemailpwd" data-provider="getdata" finished-at="2021-08-12T18:31:31 IST" duration-ms="458" status="PASS">
          <params>
            <param index="0">
              <value>
                <![CDATA[vidiyala@gail.com]]>
              </value>
            </param>
            <param index="1">
              <value>
                <![CDATA[vidiyala]]>
              </value>
            </param>
          </params>
          <reporter-output>
          </reporter-output>
        </test-method> <!-- getemailpwd -->
      </class> <!-- Login.LoginPage -->
    </test> <!-- Default test -->
  </suite> <!-- Default suite -->
</testng-results>
