<?xml version="1.0" encoding="UTF-8"?>
<testng-results ignored="0" total="5" passed="4" failed="1" skipped="0">
  <reporter-output>
  </reporter-output>
  <suite started-at="2021-08-13T00:57:21 IST" name="Suite" finished-at="2021-08-13T00:57:44 IST" duration-ms="23040">
    <groups>
    </groups>
    <test started-at="2021-08-13T00:57:21 IST" name="Validating navigation bar" finished-at="2021-08-13T00:57:38 IST" duration-ms="16247">
      <class name="Login.ValidateNavigation">
        <test-method is-config="true" signature="iniDriver()[pri:0, instance:Login.ValidateNavigation@3a6f2de3]" started-at="2021-08-13T00:57:21 IST" name="iniDriver" finished-at="2021-08-13T00:57:36 IST" duration-ms="14375" status="PASS">
          <reporter-output>
          </reporter-output>
        </test-method> <!-- iniDriver -->
        <test-method signature="navigateContacts()[pri:0, instance:Login.ValidateNavigation@3a6f2de3]" started-at="2021-08-13T00:57:36 IST" name="navigateContacts" finished-at="2021-08-13T00:57:36 IST" duration-ms="150" status="PASS">
          <reporter-output>
          </reporter-output>
        </test-method> <!-- navigateContacts -->
        <test-method is-config="true" signature="teardown()[pri:0, instance:Login.ValidateNavigation@3a6f2de3]" started-at="2021-08-13T00:57:36 IST" name="teardown" finished-at="2021-08-13T00:57:38 IST" duration-ms="1699" status="PASS">
          <reporter-output>
          </reporter-output>
        </test-method> <!-- teardown -->
      </class> <!-- Login.ValidateNavigation -->
    </test> <!-- Validating navigation bar -->
    <test started-at="2021-08-13T00:57:21 IST" name="Validating the title" finished-at="2021-08-13T00:57:38 IST" duration-ms="16893">
      <class name="Login.PageTitle">
        <test-method is-config="true" signature="iniDriver()[pri:0, instance:Login.PageTitle@ebb6851]" started-at="2021-08-13T00:57:21 IST" name="iniDriver" finished-at="2021-08-13T00:57:35 IST" duration-ms="13624" status="PASS">
          <reporter-output>
          </reporter-output>
        </test-method> <!-- iniDriver -->
        <test-method signature="logintoapp()[pri:0, instance:Login.PageTitle@ebb6851]" started-at="2021-08-13T00:57:35 IST" name="logintoapp" finished-at="2021-08-13T00:57:35 IST" duration-ms="301" status="FAIL">
          <exception class="java.lang.AssertionError">
            <message>
              <![CDATA[expected [FEATURED COURsES] but found [FEATURED COURSES]]]>
            </message>
            <full-stacktrace>
              <![CDATA[java.lang.AssertionError: expected [FEATURED COURsES] but found [FEATURED COURSES]
at org.testng.Assert.fail(Assert.java:99)
at org.testng.Assert.failNotEquals(Assert.java:1037)
at org.testng.Assert.assertEqualsImpl(Assert.java:140)
at org.testng.Assert.assertEquals(Assert.java:122)
at org.testng.Assert.assertEquals(Assert.java:629)
at org.testng.Assert.assertEquals(Assert.java:639)
at Login.PageTitle.logintoapp(PageTitle.java:35)
at java.base/jdk.internal.reflect.NativeMethodAccessorImpl.invoke0(Native Method)
at java.base/jdk.internal.reflect.NativeMethodAccessorImpl.invoke(NativeMethodAccessorImpl.java:64)
at java.base/jdk.internal.reflect.DelegatingMethodAccessorImpl.invoke(DelegatingMethodAccessorImpl.java:43)
at java.base/java.lang.reflect.Method.invoke(Method.java:564)
at org.testng.internal.MethodInvocationHelper.invokeMethod(MethodInvocationHelper.java:133)
at org.testng.internal.TestInvoker.invokeMethod(TestInvoker.java:598)
at org.testng.internal.TestInvoker.invokeTestMethod(TestInvoker.java:173)
at org.testng.internal.MethodRunner.runInSequence(MethodRunner.java:46)
at org.testng.internal.TestInvoker$MethodInvocationAgent.invoke(TestInvoker.java:824)
at org.testng.internal.TestInvoker.invokeTestMethods(TestInvoker.java:146)
at org.testng.internal.TestMethodWorker.invokeTestMethods(TestMethodWorker.java:146)
at org.testng.internal.TestMethodWorker.run(TestMethodWorker.java:128)
at java.base/java.util.ArrayList.forEach(ArrayList.java:1511)
at org.testng.TestRunner.privateRun(TestRunner.java:794)
at org.testng.TestRunner.run(TestRunner.java:596)
at org.testng.SuiteRunner.runTest(SuiteRunner.java:377)
at org.testng.SuiteRunner.access$000(SuiteRunner.java:28)
at org.testng.SuiteRunner$SuiteWorker.run(SuiteRunner.java:418)
at org.testng.internal.thread.ThreadUtil.lambda$execute$0(ThreadUtil.java:64)
at java.base/java.util.concurrent.FutureTask.run(FutureTask.java:264)
at java.base/java.util.concurrent.ThreadPoolExecutor.runWorker(ThreadPoolExecutor.java:1130)
at java.base/java.util.concurrent.ThreadPoolExecutor$Worker.run(ThreadPoolExecutor.java:630)
at java.base/java.lang.Thread.run(Thread.java:832)
]]>
            </full-stacktrace>
          </exception> <!-- java.lang.AssertionError -->
          <reporter-output>
          </reporter-output>
        </test-method> <!-- logintoapp -->
        <test-method is-config="true" signature="teardown()[pri:0, instance:Login.PageTitle@ebb6851]" started-at="2021-08-13T00:57:37 IST" name="teardown" finished-at="2021-08-13T00:57:38 IST" duration-ms="1599" status="PASS">
          <reporter-output>
          </reporter-output>
        </test-method> <!-- teardown -->
      </class> <!-- Login.PageTitle -->
    </test> <!-- Validating the title -->
    <test started-at="2021-08-13T00:57:21 IST" name="Login home page" finished-at="2021-08-13T00:57:44 IST" duration-ms="23040">
      <class name="Login.LoginPage">
        <test-method is-config="true" signature="iniDriver()[pri:0, instance:Login.LoginPage@626c44e7]" started-at="2021-08-13T00:57:21 IST" name="iniDriver" finished-at="2021-08-13T00:57:26 IST" duration-ms="4581" status="PASS">
          <reporter-output>
          </reporter-output>
        </test-method> <!-- iniDriver -->
        <test-method signature="signtoapp()[pri:0, instance:Login.LoginPage@626c44e7]" started-at="2021-08-13T00:57:26 IST" name="signtoapp" finished-at="2021-08-13T00:57:37 IST" duration-ms="11172" status="PASS">
          <reporter-output>
          </reporter-output>
        </test-method> <!-- signtoapp -->
        <test-method signature="getemailpwd(java.lang.String,java.lang.String)[pri:1, instance:Login.LoginPage@626c44e7]" started-at="2021-08-13T00:57:37 IST" name="getemailpwd" data-provider="getdata" finished-at="2021-08-13T00:57:41 IST" duration-ms="3524" status="PASS">
          <params>
            <param index="0">
              <value>
                <![CDATA[vidiyala@gmail.com]]>
              </value>
            </param>
            <param index="1">
              <value>
                <![CDATA[manasa]]>
              </value>
            </param>
          </params>
          <reporter-output>
          </reporter-output>
        </test-method> <!-- getemailpwd -->
        <test-method signature="getemailpwd(java.lang.String,java.lang.String)[pri:1, instance:Login.LoginPage@626c44e7]" started-at="2021-08-13T00:57:41 IST" name="getemailpwd" data-provider="getdata" finished-at="2021-08-13T00:57:44 IST" duration-ms="3371" status="PASS">
          <params>
            <param index="0">
              <value>
                <![CDATA[vidiyala@gail.com]]>
              </value>
            </param>
            <param index="1">
              <value>
                <![CDATA[vidiyala]]>
              </value>
            </param>
          </params>
          <reporter-output>
          </reporter-output>
        </test-method> <!-- getemailpwd -->
        <test-method is-config="true" signature="teardown()[pri:0, instance:Login.LoginPage@626c44e7]" started-at="2021-08-13T00:57:44 IST" name="teardown" finished-at="2021-08-13T00:57:44 IST" duration-ms="289" status="PASS">
          <reporter-output>
          </reporter-output>
        </test-method> <!-- teardown -->
      </class> <!-- Login.LoginPage -->
    </test> <!-- Login home page -->
  </suite> <!-- Suite -->
</testng-results>
